0 info it worked if it ends with ok
1 verbose cli [ '/usr/bin/node',
1 verbose cli   '/usr/bin/npm',
1 verbose cli   'install',
1 verbose cli   'nodemon',
1 verbose cli   '-g',
1 verbose cli   '&&',
1 verbose cli   'nodemon',
1 verbose cli   '-e',
1 verbose cli   'js,css,html',
1 verbose cli   'Plugin.js' ]
2 info using npm@3.8.9
3 info using node@v6.2.0
4 silly loadCurrentTree Starting
5 silly install loadCurrentTree
6 silly install readGlobalPackageData
7 silly fetchPackageMetaData nodemon
8 silly fetchPackageMetaData &&
9 silly fetchPackageMetaData nodemon
10 silly fetchPackageMetaData js,css,html
11 silly fetchPackageMetaData Plugin.js
12 silly fetchNamedPackageData nodemon
13 silly mapToRegistry name nodemon
14 silly mapToRegistry using default registry
15 silly mapToRegistry registry https://registry.npmjs.org/
16 silly mapToRegistry data Result {
16 silly mapToRegistry   raw: 'nodemon',
16 silly mapToRegistry   scope: null,
16 silly mapToRegistry   name: 'nodemon',
16 silly mapToRegistry   rawSpec: '',
16 silly mapToRegistry   spec: 'latest',
16 silly mapToRegistry   type: 'tag' }
17 silly mapToRegistry uri https://registry.npmjs.org/nodemon
18 silly fetchOtherPackageData &&
19 silly cache add args [ '&&', null ]
20 verbose cache add spec &&
21 silly fetchNamedPackageData nodemon
22 silly mapToRegistry name nodemon
23 silly mapToRegistry using default registry
24 silly mapToRegistry registry https://registry.npmjs.org/
25 silly mapToRegistry data Result {
25 silly mapToRegistry   raw: 'nodemon',
25 silly mapToRegistry   scope: null,
25 silly mapToRegistry   name: 'nodemon',
25 silly mapToRegistry   rawSpec: '',
25 silly mapToRegistry   spec: 'latest',
25 silly mapToRegistry   type: 'tag' }
26 silly mapToRegistry uri https://registry.npmjs.org/nodemon
27 silly fetchOtherPackageData js,css,html
28 silly cache add args [ 'js,css,html', null ]
29 verbose cache add spec js,css,html
30 silly fetchNamedPackageData Plugin.js
31 silly mapToRegistry name Plugin.js
32 silly mapToRegistry using default registry
33 silly mapToRegistry registry https://registry.npmjs.org/
34 silly mapToRegistry data Result {
34 silly mapToRegistry   raw: 'Plugin.js',
34 silly mapToRegistry   scope: null,
34 silly mapToRegistry   name: 'Plugin.js',
34 silly mapToRegistry   rawSpec: '',
34 silly mapToRegistry   spec: 'latest',
34 silly mapToRegistry   type: 'tag' }
35 silly mapToRegistry uri https://registry.npmjs.org/Plugin.js
36 verbose request uri https://registry.npmjs.org/nodemon
37 verbose request no auth needed
38 info attempt registry request try #1 at 2:30:47 PM
39 verbose request id 1a00b12d00192f9b
40 http request GET https://registry.npmjs.org/nodemon
41 silly cache add parsed spec Result {
41 silly cache add   raw: '&&',
41 silly cache add   scope: null,
41 silly cache add   name: null,
41 silly cache add   rawSpec: '&&',
41 silly cache add   spec: '/usr/src/app/&&',
41 silly cache add   type: 'local' }
42 verbose request uri https://registry.npmjs.org/nodemon
43 verbose request no auth needed
44 info attempt registry request try #1 at 2:30:47 PM
45 http request GET https://registry.npmjs.org/nodemon
46 silly cache add parsed spec Result {
46 silly cache add   raw: 'js,css,html',
46 silly cache add   scope: null,
46 silly cache add   name: null,
46 silly cache add   rawSpec: 'js,css,html',
46 silly cache add   spec: '/usr/src/app/js,css,html',
46 silly cache add   type: 'local' }
47 verbose request uri https://registry.npmjs.org/Plugin.js
48 verbose request no auth needed
49 info attempt registry request try #1 at 2:30:48 PM
50 http request GET https://registry.npmjs.org/Plugin.js
51 error addLocal Could not install /usr/src/app/&&
52 silly fetchPackageMetaData Error: ENOENT: no such file or directory, open '/usr/src/app/&&'
52 silly fetchPackageMetaData     at Error (native)
52 silly fetchPackageMetaData  error for && { Error: ENOENT: no such file or directory, open '/usr/src/app/&&'
52 silly fetchPackageMetaData     at Error (native)
52 silly fetchPackageMetaData   errno: -2,
52 silly fetchPackageMetaData   code: 'ENOENT',
52 silly fetchPackageMetaData   syscall: 'open',
52 silly fetchPackageMetaData   path: '/usr/src/app/&&' }
53 error addLocal Could not install /usr/src/app/js,css,html
54 silly fetchPackageMetaData Error: ENOENT: no such file or directory, open '/usr/src/app/js,css,html'
54 silly fetchPackageMetaData     at Error (native)
54 silly fetchPackageMetaData  error for js,css,html { Error: ENOENT: no such file or directory, open '/usr/src/app/js,css,html'
54 silly fetchPackageMetaData     at Error (native)
54 silly fetchPackageMetaData   errno: -2,
54 silly fetchPackageMetaData   code: 'ENOENT',
54 silly fetchPackageMetaData   syscall: 'open',
54 silly fetchPackageMetaData   path: '/usr/src/app/js,css,html' }
55 http 200 https://registry.npmjs.org/nodemon
56 verbose headers { server: 'nginx/1.10.1',
56 verbose headers   'content-type': 'application/json',
56 verbose headers   'last-modified': 'Thu, 23 Feb 2017 13:47:19 GMT',
56 verbose headers   etag: 'W/"58aee7e7-30e09"',
56 verbose headers   'content-encoding': 'gzip',
56 verbose headers   'cache-control': 'max-age=300',
56 verbose headers   'content-length': '20611',
56 verbose headers   'accept-ranges': 'bytes',
56 verbose headers   date: 'Thu, 23 Feb 2017 16:31:05 GMT',
56 verbose headers   via: '1.1 varnish',
56 verbose headers   age: '276',
56 verbose headers   connection: 'keep-alive',
56 verbose headers   'x-served-by': 'cache-lhr6337-LHR',
56 verbose headers   'x-cache': 'HIT',
56 verbose headers   'x-cache-hits': '1',
56 verbose headers   'x-timer': 'S1487867465.318561,VS0,VE0',
56 verbose headers   vary: 'Accept-Encoding' }
57 silly get cb [ 200,
57 silly get   { server: 'nginx/1.10.1',
57 silly get     'content-type': 'application/json',
57 silly get     'last-modified': 'Thu, 23 Feb 2017 13:47:19 GMT',
57 silly get     etag: 'W/"58aee7e7-30e09"',
57 silly get     'content-encoding': 'gzip',
57 silly get     'cache-control': 'max-age=300',
57 silly get     'content-length': '20611',
57 silly get     'accept-ranges': 'bytes',
57 silly get     date: 'Thu, 23 Feb 2017 16:31:05 GMT',
57 silly get     via: '1.1 varnish',
57 silly get     age: '276',
57 silly get     connection: 'keep-alive',
57 silly get     'x-served-by': 'cache-lhr6337-LHR',
57 silly get     'x-cache': 'HIT',
57 silly get     'x-cache-hits': '1',
57 silly get     'x-timer': 'S1487867465.318561,VS0,VE0',
57 silly get     vary: 'Accept-Encoding' } ]
58 verbose get saving nodemon to /root/.npm/registry.npmjs.org/nodemon/.cache.json
59 verbose correctMkdir /root/.npm correctMkdir not in flight; initializing
60 http 200 https://registry.npmjs.org/nodemon
61 verbose headers { server: 'nginx/1.10.1',
61 verbose headers   'content-type': 'application/json',
61 verbose headers   'last-modified': 'Thu, 23 Feb 2017 13:47:19 GMT',
61 verbose headers   etag: 'W/"58aee7e7-30e09"',
61 verbose headers   'content-encoding': 'gzip',
61 verbose headers   'cache-control': 'max-age=300',
61 verbose headers   'content-length': '20611',
61 verbose headers   'accept-ranges': 'bytes',
61 verbose headers   date: 'Thu, 23 Feb 2017 16:31:05 GMT',
61 verbose headers   via: '1.1 varnish',
61 verbose headers   age: '276',
61 verbose headers   connection: 'keep-alive',
61 verbose headers   'x-served-by': 'cache-lhr6350-LHR',
61 verbose headers   'x-cache': 'HIT',
61 verbose headers   'x-cache-hits': '1',
61 verbose headers   'x-timer': 'S1487867465.305659,VS0,VE0',
61 verbose headers   vary: 'Accept-Encoding' }
62 silly get cb [ 200,
62 silly get   { server: 'nginx/1.10.1',
62 silly get     'content-type': 'application/json',
62 silly get     'last-modified': 'Thu, 23 Feb 2017 13:47:19 GMT',
62 silly get     etag: 'W/"58aee7e7-30e09"',
62 silly get     'content-encoding': 'gzip',
62 silly get     'cache-control': 'max-age=300',
62 silly get     'content-length': '20611',
62 silly get     'accept-ranges': 'bytes',
62 silly get     date: 'Thu, 23 Feb 2017 16:31:05 GMT',
62 silly get     via: '1.1 varnish',
62 silly get     age: '276',
62 silly get     connection: 'keep-alive',
62 silly get     'x-served-by': 'cache-lhr6350-LHR',
62 silly get     'x-cache': 'HIT',
62 silly get     'x-cache-hits': '1',
62 silly get     'x-timer': 'S1487867465.305659,VS0,VE0',
62 silly get     vary: 'Accept-Encoding' } ]
63 verbose get saving nodemon to /root/.npm/registry.npmjs.org/nodemon/.cache.json
64 verbose correctMkdir /root/.npm correctMkdir not in flight; initializing
65 http 404 https://registry.npmjs.org/Plugin.js
66 verbose headers { 'content-type': 'application/json',
66 verbose headers   'cache-control': 'max-age=0',
66 verbose headers   'content-length': '2',
66 verbose headers   'accept-ranges': 'bytes',
66 verbose headers   date: 'Thu, 23 Feb 2017 16:31:05 GMT',
66 verbose headers   via: '1.1 varnish',
66 verbose headers   age: '0',
66 verbose headers   connection: 'keep-alive',
66 verbose headers   'x-served-by': 'cache-lhr6333-LHR',
66 verbose headers   'x-cache': 'MISS',
66 verbose headers   'x-cache-hits': '0',
66 verbose headers   'x-timer': 'S1487867465.318283,VS0,VE645',
66 verbose headers   vary: 'Accept-Encoding' }
67 silly get cb [ 404,
67 silly get   { 'content-type': 'application/json',
67 silly get     'cache-control': 'max-age=0',
67 silly get     'content-length': '2',
67 silly get     'accept-ranges': 'bytes',
67 silly get     date: 'Thu, 23 Feb 2017 16:31:05 GMT',
67 silly get     via: '1.1 varnish',
67 silly get     age: '0',
67 silly get     connection: 'keep-alive',
67 silly get     'x-served-by': 'cache-lhr6333-LHR',
67 silly get     'x-cache': 'MISS',
67 silly get     'x-cache-hits': '0',
67 silly get     'x-timer': 'S1487867465.318283,VS0,VE645',
67 silly get     vary: 'Accept-Encoding' } ]
68 silly fetchPackageMetaData Error: Registry returned 404 for GET on https://registry.npmjs.org/Plugin.js
68 silly fetchPackageMetaData     at makeError (/usr/lib/node_modules/npm/node_modules/npm-registry-client/lib/request.js:264:12)
68 silly fetchPackageMetaData     at CachingRegistryClient.<anonymous> (/usr/lib/node_modules/npm/node_modules/npm-registry-client/lib/request.js:242:14)
68 silly fetchPackageMetaData     at Request._callback (/usr/lib/node_modules/npm/node_modules/npm-registry-client/lib/request.js:172:14)
68 silly fetchPackageMetaData     at Request.self.callback (/usr/lib/node_modules/npm/node_modules/request/request.js:200:22)
68 silly fetchPackageMetaData     at emitTwo (events.js:106:13)
68 silly fetchPackageMetaData     at Request.emit (events.js:191:7)
68 silly fetchPackageMetaData     at Request.<anonymous> (/usr/lib/node_modules/npm/node_modules/request/request.js:1067:10)
68 silly fetchPackageMetaData     at emitOne (events.js:101:20)
68 silly fetchPackageMetaData     at Request.emit (events.js:188:7)
68 silly fetchPackageMetaData     at IncomingMessage.<anonymous> (/usr/lib/node_modules/npm/node_modules/request/request.js:988:12)
68 silly fetchPackageMetaData  error for Plugin.js { Error: Registry returned 404 for GET on https://registry.npmjs.org/Plugin.js
68 silly fetchPackageMetaData     at makeError (/usr/lib/node_modules/npm/node_modules/npm-registry-client/lib/request.js:264:12)
68 silly fetchPackageMetaData     at CachingRegistryClient.<anonymous> (/usr/lib/node_modules/npm/node_modules/npm-registry-client/lib/request.js:242:14)
68 silly fetchPackageMetaData     at Request._callback (/usr/lib/node_modules/npm/node_modules/npm-registry-client/lib/request.js:172:14)
68 silly fetchPackageMetaData     at Request.self.callback (/usr/lib/node_modules/npm/node_modules/request/request.js:200:22)
68 silly fetchPackageMetaData     at emitTwo (events.js:106:13)
68 silly fetchPackageMetaData     at Request.emit (events.js:191:7)
68 silly fetchPackageMetaData     at Request.<anonymous> (/usr/lib/node_modules/npm/node_modules/request/request.js:1067:10)
68 silly fetchPackageMetaData     at emitOne (events.js:101:20)
68 silly fetchPackageMetaData     at Request.emit (events.js:188:7)
68 silly fetchPackageMetaData     at IncomingMessage.<anonymous> (/usr/lib/node_modules/npm/node_modules/request/request.js:988:12) pkgid: 'Plugin.js', statusCode: 404, code: 'E404' }
69 silly rollbackFailedOptional Starting
70 silly rollbackFailedOptional Finishing
71 silly runTopLevelLifecycles Starting
72 silly runTopLevelLifecycles Finishing
73 silly install printInstalled
74 verbose stack Error: ENOENT: no such file or directory, open '/usr/src/app/&&'
74 verbose stack     at Error (native)
75 verbose cwd /usr/src/app
76 error Linux 4.9.8-moby
77 error argv "/usr/bin/node" "/usr/bin/npm" "install" "nodemon" "-g" "&&" "nodemon" "-e" "js,css,html" "Plugin.js"
78 error node v6.2.0
79 error npm  v3.8.9
80 error path /usr/src/app/&&
81 error code ENOENT
82 error errno -2
83 error syscall open
84 error enoent ENOENT: no such file or directory, open '/usr/src/app/&&'
85 error enoent ENOENT: no such file or directory, open '/usr/src/app/&&'
85 error enoent This is most likely not a problem with npm itself
85 error enoent and is related to npm not being able to find a file.
86 verbose exit [ -2, true ]
